<?xml version="1.0" encoding="UTF-8"?>
<robot generator="Robot 7.0 (Python 3.12.1 on win32)" generated="2024-04-22T15:40:13.807124" rpa="false" schemaversion="5">
<suite id="s1" name="APItest" source="D:\PFE\test1\APItest.robot">
<test id="s1-t1" name="Post_infologin" line="15">
<kw name="Create Dictionary" owner="BuiltIn">
<msg time="2024-04-22T15:40:15.383865" level="INFO">${header} = {'Content-Type': 'application/json', 'accept': '*/*'}</msg>
<var>${header}</var>
<arg>Content-Type=application/json</arg>
<arg>accept=*/*</arg>
<doc>Creates and returns a dictionary based on the given ``items``.</doc>
<status status="PASS" start="2024-04-22T15:40:15.383865" elapsed="0.000000"/>
</kw>
<kw name="Create Dictionary" owner="BuiltIn">
<msg time="2024-04-22T15:40:15.383865" level="INFO">${body} = {'username': 'AyaZgolli', 'password': 'AAAZZZ', 'uuid': 'azerflk', 'appVersion': 'B2B'}</msg>
<var>${body}</var>
<arg>username=AyaZgolli</arg>
<arg>password=AAAZZZ</arg>
<arg>uuid=azerflk</arg>
<arg>appVersion=B2B</arg>
<doc>Creates and returns a dictionary based on the given ``items``.</doc>
<status status="PASS" start="2024-04-22T15:40:15.383865" elapsed="0.000000"/>
</kw>
<kw name="Create Session" owner="RequestsLibrary">
<msg time="2024-04-22T15:40:15.399758" level="INFO">Creating Session using : alias=mysession, url=https://b2b-backend.dev3.addinn-group.com, headers={'Content-Type': 'application/json', 'accept': '*/*'},                     cookies={}, auth=None, timeout=None, proxies=None, verify=True,                     debug=0 </msg>
<arg>mysession</arg>
<arg>${base_url}</arg>
<arg>headers=${header}</arg>
<arg>verify=${True}</arg>
<doc>Create Session: create a HTTP session to a server</doc>
<status status="PASS" start="2024-04-22T15:40:15.383865" elapsed="0.016931"/>
</kw>
<kw name="POST On Session" owner="RequestsLibrary">
<msg time="2024-04-22T15:40:17.370316" level="INFO">POST Request : url=https://b2b-backend.dev3.addinn-group.com/api/Mobile_Operator/LoginOperator 
 path_url=/api/Mobile_Operator/LoginOperator 
 headers={'User-Agent': 'python-requests/2.31.0', 'Accept-Encoding': 'gzip, deflate', 'accept': '*/*', 'Connection': 'keep-alive', 'Content-Type': 'application/json', 'Content-Length': '87'} 
 body=b'{"username": "AyaZgolli", "password": "AAAZZZ", "uuid": "azerflk", "appVersion": "B2B"}' 
 </msg>
<msg time="2024-04-22T15:40:17.370316" level="INFO">POST Response : url=https://b2b-backend.dev3.addinn-group.com/api/Mobile_Operator/LoginOperator 
 status=200, reason=OK 
 headers={'Date': 'Mon, 22 Apr 2024 14:40:17 GMT', 'Content-Type': 'application/json; charset=utf-8', 'Transfer-Encoding': 'chunked', 'Connection': 'keep-alive', 'Strict-Transport-Security': 'max-age=15724800; includeSubDomains'} 
 body={"resultat":{"userModel":{"token":"eyJhbGciOiJIUzI1NiIsInR5cCI6IkpXVCJ9.eyJmdWxsTmFtZSI6IkF5YSBaZ29sbGkiLCJVc2VybmFtZSI6IkF5YVpnb2xsaSIsIkFkbWluSWQiOiIyIiwiT3BlcmF0b3JJZCI6Ijk5NzAwIiwiRmlyc3RuYW1lIjoiQXlhIiwiTGFzdG5hbWUiOiJaZ29sbGkiLCJQYXJraW5nSWQiOiI3MDc3IiwiUGFya2luZ0RldmljZUlkIjoiNzk5IiwiQ2FzaGllckNvbnRyYWN0SWQiOiIxIiwiQ2FzaGllckNvbnN1bWVySWQiOiIyMDUiLCJleHAiOjE3MTQwMTI4MTd9.I6R18jgaqtZitkON0jhBYyTar_tzBzTxTSjRTFnG4ZM","user":{"userId":2,"firstname":"Aya","lastname":"Zgolli","username":"AyaZgolli","virtualExit":false,"carparkname":"PUMC Carpark","paymentMethod":"Credit Card","totalTransactions":"0","paidParkingNumber":0,"paidParkingAmount":"0","producedArticlesNumber":0,"producedArticlesAmount":"0","cashAmount":"0.000","cardAmount":"0.000","validatedTicket":"0","shift":false,"ticketInformation":false,"payment":true,"validation":true,"production":false,"deviceControl":true,"app_Min_Version":"1.4","app_Current_Version":"1.4","currency":"KWD","date_Format":"dd-MM-yyyy","login_Session_Expiration":"3600","payment_Timeout":"1","media_Input":["Licence Plate","Barcode"],"default_Media_Input":"None","barcode_Types":["CODE_128","ITF"],"shift_Start_Amount":true,"receipt_Printing":false,"shift_Report_Printing":false}}},"status":200,"fail_Messages":null} 
 </msg>
<msg time="2024-04-22T15:40:17.370316" level="INFO">${response} = &lt;Response [200]&gt;</msg>
<var>${response}</var>
<arg>mysession</arg>
<arg>${loginop}</arg>
<arg>json=${body}</arg>
<arg>headers=${header}</arg>
<doc>Sends a POST request on a previously created HTTP Session.</doc>
<status status="PASS" start="2024-04-22T15:40:15.401758" elapsed="1.968558"/>
</kw>
<kw name="Log To Console" owner="BuiltIn">
<arg>${response}</arg>
<doc>Logs the given message to the console.</doc>
<status status="PASS" start="2024-04-22T15:40:17.372320" elapsed="0.000997"/>
</kw>
<kw name="Log To Console" owner="BuiltIn">
<arg>${response.content}</arg>
<doc>Logs the given message to the console.</doc>
<status status="PASS" start="2024-04-22T15:40:17.375314" elapsed="0.013310"/>
</kw>
<kw name="Convert To String" owner="BuiltIn">
<msg time="2024-04-22T15:40:17.397615" level="INFO">${status_code} = 200</msg>
<var>${status_code}</var>
<arg>${response.status_code}</arg>
<doc>Converts the given item to a Unicode string.</doc>
<status status="PASS" start="2024-04-22T15:40:17.395619" elapsed="0.001996"/>
</kw>
<kw name="Should Be Equal" owner="BuiltIn">
<arg>${status_code}</arg>
<arg>200</arg>
<doc>Fails if the given objects are unequal.</doc>
<status status="PASS" start="2024-04-22T15:40:17.399610" elapsed="0.002002"/>
</kw>
<kw name="Convert To String" owner="BuiltIn">
<msg time="2024-04-22T15:40:17.404608" level="INFO">${res_body} = {"resultat":{"userModel":{"token":"eyJhbGciOiJIUzI1NiIsInR5cCI6IkpXVCJ9.eyJmdWxsTmFtZSI6IkF5YSBaZ29sbGkiLCJVc2VybmFtZSI6IkF5YVpnb2xsaSIsIkFkbWluSWQiOiIyIiwiT3BlcmF0b3JJZCI6Ijk5NzAwIiwiRmlyc3RuYW1lIjoi...</msg>
<var>${res_body}</var>
<arg>${response.content}</arg>
<doc>Converts the given item to a Unicode string.</doc>
<status status="PASS" start="2024-04-22T15:40:17.402635" elapsed="0.001973"/>
</kw>
<kw name="Should Contain" owner="BuiltIn">
<arg>${res_body}</arg>
<arg>PUMC Carpark</arg>
<doc>Fails if ``container`` does not contain ``item`` one or more times.</doc>
<status status="PASS" start="2024-04-22T15:40:17.406654" elapsed="0.000973"/>
</kw>
<kw name="Set Global Variable" owner="BuiltIn">
<msg time="2024-04-22T15:40:17.409405" level="INFO">${response} = &lt;Response [200]&gt;</msg>
<arg>${response}</arg>
<doc>Makes a variable available globally in all tests and suites.</doc>
<status status="PASS" start="2024-04-22T15:40:17.409405" elapsed="0.000992"/>
</kw>
<status status="PASS" start="2024-04-22T15:40:15.383865" elapsed="2.027537"/>
</test>
<test id="s1-t2" name="Get_all" line="28">
<kw name="Set Variable" owner="BuiltIn">
<msg time="2024-04-22T15:40:17.419398" level="INFO">${json_response} = {'resultat': {'userModel': {'token': 'eyJhbGciOiJIUzI1NiIsInR5cCI6IkpXVCJ9.eyJmdWxsTmFtZSI6IkF5YSBaZ29sbGkiLCJVc2VybmFtZSI6IkF5YVpnb2xsaSIsIkFkbWluSWQiOiIyIiwiT3BlcmF0b3JJZCI6Ijk5NzAwIiwiRmlyc3RuYW1lI...</msg>
<var>${json_response}</var>
<arg>${response.json()}</arg>
<doc>Returns the given values which can then be assigned to a variables.</doc>
<status status="PASS" start="2024-04-22T15:40:17.416396" elapsed="0.003002"/>
</kw>
<kw name="Log To Console" owner="BuiltIn">
<arg>${json_response}</arg>
<doc>Logs the given message to the console.</doc>
<status status="PASS" start="2024-04-22T15:40:17.421406" elapsed="0.003999"/>
</kw>
<kw name="Get Value From Json" owner="JSONLibrary">
<msg time="2024-04-22T15:40:18.191940" level="INFO">${token} = ['eyJhbGciOiJIUzI1NiIsInR5cCI6IkpXVCJ9.eyJmdWxsTmFtZSI6IkF5YSBaZ29sbGkiLCJVc2VybmFtZSI6IkF5YVpnb2xsaSIsIkFkbWluSWQiOiIyIiwiT3BlcmF0b3JJZCI6Ijk5NzAwIiwiRmlyc3RuYW1lIjoiQXlhIiwiTGFzdG5hbWUiOiJaZ29sbGkiL...</msg>
<var>${token}</var>
<arg>${json_response}</arg>
<arg>$.resultat.userModel.token</arg>
<doc>Get Value From JSON using JSONPath</doc>
<status status="PASS" start="2024-04-22T15:40:17.426395" elapsed="0.765545"/>
</kw>
<kw name="Log To Console" owner="BuiltIn">
<arg>${token}</arg>
<doc>Logs the given message to the console.</doc>
<status status="PASS" start="2024-04-22T15:40:18.191940" elapsed="0.000000"/>
</kw>
<kw name="Set Variable" owner="BuiltIn">
<msg time="2024-04-22T15:40:18.191940" level="INFO">${token_l} = eyJhbGciOiJIUzI1NiIsInR5cCI6IkpXVCJ9.eyJmdWxsTmFtZSI6IkF5YSBaZ29sbGkiLCJVc2VybmFtZSI6IkF5YVpnb2xsaSIsIkFkbWluSWQiOiIyIiwiT3BlcmF0b3JJZCI6Ijk5NzAwIiwiRmlyc3RuYW1lIjoiQXlhIiwiTGFzdG5hbWUiOiJaZ29sbGkiLCJ...</msg>
<var>${token_l}</var>
<arg>${token}[0]</arg>
<doc>Returns the given values which can then be assigned to a variables.</doc>
<status status="PASS" start="2024-04-22T15:40:18.191940" elapsed="0.000000"/>
</kw>
<kw name="Set Variable" owner="BuiltIn">
<msg time="2024-04-22T15:40:18.207571" level="INFO">${authorization_header} = Bearer eyJhbGciOiJIUzI1NiIsInR5cCI6IkpXVCJ9.eyJmdWxsTmFtZSI6IkF5YSBaZ29sbGkiLCJVc2VybmFtZSI6IkF5YVpnb2xsaSIsIkFkbWluSWQiOiIyIiwiT3BlcmF0b3JJZCI6Ijk5NzAwIiwiRmlyc3RuYW1lIjoiQXlhIiwiTGFzdG5hbWUiOiJaZ29s...</msg>
<var>${authorization_header}</var>
<arg>Bearer ${token_l}</arg>
<doc>Returns the given values which can then be assigned to a variables.</doc>
<status status="PASS" start="2024-04-22T15:40:18.207571" elapsed="0.000000"/>
</kw>
<kw name="Log To Console" owner="BuiltIn">
<arg>${authorization_header}</arg>
<doc>Logs the given message to the console.</doc>
<status status="PASS" start="2024-04-22T15:40:18.207571" elapsed="0.005846"/>
</kw>
<kw name="Create Dictionary" owner="BuiltIn">
<msg time="2024-04-22T15:40:18.215855" level="INFO">${header} = {'Authorization': 'Bearer eyJhbGciOiJIUzI1NiIsInR5cCI6IkpXVCJ9.eyJmdWxsTmFtZSI6IkF5YSBaZ29sbGkiLCJVc2VybmFtZSI6IkF5YVpnb2xsaSIsIkFkbWluSWQiOiIyIiwiT3BlcmF0b3JJZCI6Ijk5NzAwIiwiRmlyc3RuYW1lIjoiQXlhIiwiT...</msg>
<var>${header}</var>
<arg>Authorization=${authorization_header}</arg>
<doc>Creates and returns a dictionary based on the given ``items``.</doc>
<status status="PASS" start="2024-04-22T15:40:18.214412" elapsed="0.001443"/>
</kw>
<kw name="GET On Session" owner="RequestsLibrary">
<msg time="2024-04-22T15:40:18.251431" level="INFO">GET Request : url=https://b2b-backend.dev3.addinn-group.com/api/Mobile_DeviceControl/GetAll 
 path_url=/api/Mobile_DeviceControl/GetAll 
 headers={'User-Agent': 'python-requests/2.31.0', 'Accept-Encoding': 'gzip, deflate', 'accept': '*/*', 'Connection': 'keep-alive', 'Content-Type': 'application/json', 'Authorization': 'Bearer eyJhbGciOiJIUzI1NiIsInR5cCI6IkpXVCJ9.eyJmdWxsTmFtZSI6IkF5YSBaZ29sbGkiLCJVc2VybmFtZSI6IkF5YVpnb2xsaSIsIkFkbWluSWQiOiIyIiwiT3BlcmF0b3JJZCI6Ijk5NzAwIiwiRmlyc3RuYW1lIjoiQXlhIiwiTGFzdG5hbWUiOiJaZ29sbGkiLCJQYXJraW5nSWQiOiI3MDc3IiwiUGFya2luZ0RldmljZUlkIjoiNzk5IiwiQ2FzaGllckNvbnRyYWN0SWQiOiIxIiwiQ2FzaGllckNvbnN1bWVySWQiOiIyMDUiLCJleHAiOjE3MTQwMTI4MTd9.I6R18jgaqtZitkON0jhBYyTar_tzBzTxTSjRTFnG4ZM'} 
 body=None 
 </msg>
<msg time="2024-04-22T15:40:18.251431" level="INFO">GET Response : url=https://b2b-backend.dev3.addinn-group.com/api/Mobile_DeviceControl/GetAll 
 status=200, reason=OK 
 headers={'Date': 'Mon, 22 Apr 2024 14:40:18 GMT', 'Content-Type': 'application/json; charset=utf-8', 'Transfer-Encoding': 'chunked', 'Connection': 'keep-alive', 'Strict-Transport-Security': 'max-age=15724800; includeSubDomains'} 
 body={"resultat":{"id":2,"canOpenBarrierForEntry":true,"canCloseBarrierForEntry":true,"canLockBarrierForEntry":false,"canUnlockBarrierForEntry":false,"canSetOffOperationForEnty":false,"canSetInOperationForEnty":false,"canOpenBarrierForExit":false,"canCloseBarrierForExit":false,"canLockBarrierForExit":false,"canUnlockBarrierForExit":false,"canSetOffOperationForExit":false,"canSetInOperationForExit":false,"canEnableJamForExit":true,"canDisableJamForExit":true,"canOpenBarrierForPassage":true,"canCloseBarrierForPassage":true,"canSetOffOperationForPassage":false,"canSetInOperationForPassage":false,"canOpenForDoorReader":false,"canCloseForDoorReader":false,"canLockBarrierForDoorReader":true,"canUnlockBarrierForDoorReader":true,"canSetOffOperationDoorForDoorReader":false,"canSetInOperationForDoorReader":false,"canReplaceTicketForAutomaticPayStation":false,"canSetOffOperationForAutomaticPayStation":false,"canSetInOperationForAutomaticPayStation":false,"modifiedDate":"02-04-2024 13:50:24"},"status":200,"fail_Messages":null} 
 </msg>
<msg time="2024-04-22T15:40:18.251431" level="INFO">${resp} = &lt;Response [200]&gt;</msg>
<var>${resp}</var>
<arg>mysession</arg>
<arg>${ticketconsult}</arg>
<arg>headers=${header}</arg>
<doc>Sends a GET request on a previously created HTTP Session.</doc>
<status status="PASS" start="2024-04-22T15:40:18.217853" elapsed="0.033578"/>
</kw>
<kw name="Log To Console" owner="BuiltIn">
<arg>${resp.content}</arg>
<doc>Logs the given message to the console.</doc>
<status status="PASS" start="2024-04-22T15:40:18.251431" elapsed="0.000000"/>
</kw>
<kw name="Log To Console" owner="BuiltIn">
<arg>${resp.status_code}</arg>
<doc>Logs the given message to the console.</doc>
<status status="PASS" start="2024-04-22T15:40:18.251431" elapsed="0.000000"/>
</kw>
<status status="PASS" start="2024-04-22T15:40:17.414407" elapsed="0.837024"/>
</test>
<test id="s1-t3" name="PUT_sendcommande" line="41">
<kw name="Create Dictionary" owner="BuiltIn">
<msg time="2024-04-22T15:40:18.266464" level="INFO">${header} = {'Content-Type': 'application/json', 'accept': '*/*'}</msg>
<var>${header}</var>
<arg>Content-Type=application/json</arg>
<arg>accept=*/*</arg>
<doc>Creates and returns a dictionary based on the given ``items``.</doc>
<status status="PASS" start="2024-04-22T15:40:18.266464" elapsed="0.000000"/>
</kw>
<kw name="Create Dictionary" owner="BuiltIn">
<msg time="2024-04-22T15:40:18.269291" level="INFO">${body} = {'deviceId': ' 0', 'command': ' close', 'raison': ' string'}</msg>
<var>${body}</var>
<arg>deviceId= 0</arg>
<arg>command= open</arg>
<arg>command= close</arg>
<arg>raison= string</arg>
<doc>Creates and returns a dictionary based on the given ``items``.</doc>
<status status="PASS" start="2024-04-22T15:40:18.268464" elapsed="0.000827"/>
</kw>
<kw name="Create Session" owner="RequestsLibrary">
<msg time="2024-04-22T15:40:18.269291" level="INFO">Creating Session using : alias=mysession1, url=https://b2b-backend.dev3.addinn-group.com, headers={'Content-Type': 'application/json', 'accept': '*/*'},                     cookies={}, auth=None, timeout=None, proxies=None, verify=True,                     debug=0 </msg>
<arg>mysession1</arg>
<arg>${base_url}</arg>
<arg>headers=${header}</arg>
<arg>verify=${True}</arg>
<doc>Create Session: create a HTTP session to a server</doc>
<status status="PASS" start="2024-04-22T15:40:18.269291" elapsed="0.000000"/>
</kw>
<kw name="PUT On Session" owner="RequestsLibrary">
<msg time="2024-04-22T15:40:18.699354" level="INFO">PUT Request : url=https://b2b-backend.dev3.addinn-group.com/api/Mobile_Operator/LoginOperator 
 path_url=/api/Mobile_Operator/LoginOperator 
 headers={'User-Agent': 'python-requests/2.31.0', 'Accept-Encoding': 'gzip, deflate', 'accept': '*/*', 'Connection': 'keep-alive', 'Content-Type': 'application/json', 'Content-Length': '60'} 
 body=b'{"deviceId": " 0", "command": " close", "raison": " string"}' 
 </msg>
<msg time="2024-04-22T15:40:18.699354" level="INFO">PUT Response : url=https://b2b-backend.dev3.addinn-group.com/api/Mobile_Operator/LoginOperator 
 status=405, reason=Method Not Allowed 
 headers={'Date': 'Mon, 22 Apr 2024 14:40:18 GMT', 'Content-Length': '0', 'Connection': 'keep-alive', 'Allow': 'POST', 'Strict-Transport-Security': 'max-age=15724800; includeSubDomains'} 
 body=None 
 </msg>
<msg time="2024-04-22T15:40:18.699354" level="FAIL">HTTPError: 405 Client Error: Method Not Allowed for url: https://b2b-backend.dev3.addinn-group.com/api/Mobile_Operator/LoginOperator</msg>
<var>${response1}</var>
<arg>mysession1</arg>
<arg>${loginop}</arg>
<arg>json=${body}</arg>
<arg>headers=${header}</arg>
<doc>Sends a PUT request on a previously created HTTP Session.</doc>
<status status="FAIL" start="2024-04-22T15:40:18.269291" elapsed="1.015760">HTTPError: 405 Client Error: Method Not Allowed for url: https://b2b-backend.dev3.addinn-group.com/api/Mobile_Operator/LoginOperator</status>
</kw>
<kw name="Log To Console" owner="BuiltIn">
<arg>${response1.status_code}</arg>
<doc>Logs the given message to the console.</doc>
<status status="NOT RUN" start="2024-04-22T15:40:19.285051" elapsed="0.000000"/>
</kw>
<kw name="Log To Console" owner="BuiltIn">
<arg>${response1.content}</arg>
<doc>Logs the given message to the console.</doc>
<status status="NOT RUN" start="2024-04-22T15:40:19.359534" elapsed="0.000000"/>
</kw>
<status status="FAIL" start="2024-04-22T15:40:18.265465" elapsed="1.094987">HTTPError: 405 Client Error: Method Not Allowed for url: https://b2b-backend.dev3.addinn-group.com/api/Mobile_Operator/LoginOperator</status>
</test>
<status status="FAIL" start="2024-04-22T15:40:13.807124" elapsed="5.556308"/>
</suite>
<statistics>
<total>
<stat pass="2" fail="1" skip="0">All Tests</stat>
</total>
<tag>
</tag>
<suite>
<stat pass="2" fail="1" skip="0" id="s1" name="APItest">APItest</stat>
</suite>
</statistics>
<errors>
</errors>
</robot>
